<?xml version="1.0" encoding="UTF-8"?>
<coverage generated="1719337596304" clover="3.2.0">
  <project timestamp="1719337596304" name="All files">
    <metrics statements="13" coveredstatements="6" conditionals="0" coveredconditionals="0" methods="7" coveredmethods="1" elements="20" coveredelements="7" complexity="0" loc="13" ncloc="13" packages="2" files="2" classes="2"/>
    <package name="services">
      <metrics statements="10" coveredstatements="6" conditionals="0" coveredconditionals="0" methods="6" coveredmethods="1"/>
      <file name="APIService.ts" path="C:\Users\Flor\Desktop\Bootcamp\movie-challenge\src\services\APIService.ts">
        <metrics statements="10" coveredstatements="6" conditionals="0" coveredconditionals="0" methods="6" coveredmethods="1"/>
        <line num="1" count="1" type="stmt"/>
        <line num="5" count="1" type="stmt"/>
        <line num="6" count="1" type="stmt"/>
        <line num="7" count="1" type="stmt"/>
        <line num="13" count="1" type="stmt"/>
        <line num="14" count="0" type="stmt"/>
        <line num="15" count="0" type="stmt"/>
        <line num="16" count="0" type="stmt"/>
        <line num="17" count="0" type="stmt"/>
        <line num="20" count="1" type="stmt"/>
      </file>
    </package>
    <package name="utils">
      <metrics statements="3" coveredstatements="0" conditionals="0" coveredconditionals="0" methods="1" coveredmethods="0"/>
      <file name="transformers.ts" path="C:\Users\Flor\Desktop\Bootcamp\movie-challenge\src\utils\transformers.ts">
        <metrics statements="3" coveredstatements="0" conditionals="0" coveredconditionals="0" methods="1" coveredmethods="0"/>
        <line num="20" count="0" type="stmt"/>
        <line num="21" count="0" type="stmt"/>
        <line num="29" count="0" type="stmt"/>
      </file>
    </package>
  </project>
</coverage>
