<?xml version="1.0" encoding="UTF-8"?>
<coverage generated="1719287375857" clover="3.2.0">
  <project timestamp="1719287375857" name="All files">
    <metrics statements="17" coveredstatements="16" conditionals="0" coveredconditionals="0" methods="4" coveredmethods="2" elements="21" coveredelements="18" complexity="0" loc="17" ncloc="17" packages="3" files="3" classes="3"/>
    <package name="src.components">
      <metrics statements="7" coveredstatements="6" conditionals="0" coveredconditionals="0" methods="3" coveredmethods="1"/>
      <file name="App.tsx" path="C:\Users\Flor\Desktop\Bootcamp\movie-challenge\src\components\App.tsx">
        <metrics statements="7" coveredstatements="6" conditionals="0" coveredconditionals="0" methods="3" coveredmethods="1"/>
        <line num="1" count="1" type="stmt"/>
        <line num="2" count="1" type="stmt"/>
        <line num="3" count="1" type="stmt"/>
        <line num="4" count="1" type="stmt"/>
        <line num="7" count="1" type="stmt"/>
        <line num="21" count="0" type="stmt"/>
        <line num="35" count="1" type="stmt"/>
      </file>
    </package>
    <package name="src.utils">
      <metrics statements="3" coveredstatements="3" conditionals="0" coveredconditionals="0" methods="1" coveredmethods="1"/>
      <file name="transformers.ts" path="C:\Users\Flor\Desktop\Bootcamp\movie-challenge\src\utils\transformers.ts">
        <metrics statements="3" coveredstatements="3" conditionals="0" coveredconditionals="0" methods="1" coveredmethods="1"/>
        <line num="21" count="9" type="stmt"/>
        <line num="29" count="9" type="stmt"/>
        <line num="32" count="9" type="stmt"/>
      </file>
    </package>
    <package name="test">
      <metrics statements="7" coveredstatements="7" conditionals="0" coveredconditionals="0" methods="0" coveredmethods="0"/>
      <file name="fakeData.js" path="C:\Users\Flor\Desktop\Bootcamp\movie-challenge\test\fakeData.js">
        <metrics statements="7" coveredstatements="7" conditionals="0" coveredconditionals="0" methods="0" coveredmethods="0"/>
        <line num="1" count="2" type="stmt"/>
        <line num="24" count="1" type="stmt"/>
        <line num="44" count="2" type="stmt"/>
        <line num="64" count="2" type="stmt"/>
        <line num="83" count="2" type="stmt"/>
        <line num="101" count="1" type="stmt"/>
        <line num="110" count="3" type="stmt"/>
      </file>
    </package>
  </project>
</coverage>
