{"C:\\Users\\Flor\\Desktop\\Bootcamp\\movie-challenge\\src\\components\\App.tsx": {"path":"C:\\Users\\Flor\\Desktop\\Bootcamp\\movie-challenge\\src\\components\\App.tsx","statementMap":{"0":{"start":{"line":35,"column":0},"end":{"line":35,"column":15}},"1":{"start":{"line":1,"column":25},"end":{"line":1,"column":null}},"2":{"start":{"line":2,"column":22},"end":{"line":2,"column":null}},"3":{"start":{"line":3,"column":21},"end":{"line":3,"column":null}},"4":{"start":{"line":4,"column":7},"end":{"line":4,"column":null}},"5":{"start":{"line":7,"column":28},"end":{"line":7,"column":null}},"6":{"start":{"line":21,"column":31},"end":{"line":21,"column":63}},"7":{"start":{"line":21,"column":51},"end":{"line":21,"column":63}},"8":{"start":{"line":35,"column":15},"end":{"line":35,"column":null}}},"fnMap":{"0":{"name":"App","decl":{"start":{"line":6,"column":9},"end":{"line":6,"column":null}},"loc":{"start":{"line":6,"column":9},"end":{"line":33,"column":null}}},"1":{"name":"(anonymous_3)","decl":{"start":{"line":21,"column":25},"end":{"line":21,"column":31}},"loc":{"start":{"line":21,"column":31},"end":{"line":21,"column":63}}},"2":{"name":"(anonymous_4)","decl":{"start":{"line":21,"column":40},"end":{"line":21,"column":41}},"loc":{"start":{"line":21,"column":51},"end":{"line":21,"column":63}}}},"branchMap":{},"s":{"0":1,"1":1,"2":1,"3":1,"4":1,"5":1,"6":0,"7":0,"8":1},"f":{"0":1,"1":0,"2":0},"b":{}}
,"C:\\Users\\Flor\\Desktop\\Bootcamp\\movie-challenge\\src\\utils\\transformers.ts": {"path":"C:\\Users\\Flor\\Desktop\\Bootcamp\\movie-challenge\\src\\utils\\transformers.ts","statementMap":{"0":{"start":{"line":32,"column":0},"end":{"line":32,"column":15}},"1":{"start":{"line":21,"column":23},"end":{"line":28,"column":null}},"2":{"start":{"line":29,"column":2},"end":{"line":29,"column":null}},"3":{"start":{"line":32,"column":15},"end":{"line":32,"column":null}}},"fnMap":{"0":{"name":"formatMovie","decl":{"start":{"line":20,"column":9},"end":{"line":20,"column":21}},"loc":{"start":{"line":20,"column":36},"end":{"line":30,"column":null}}}},"branchMap":{},"s":{"0":9,"1":9,"2":9,"3":1},"f":{"0":9},"b":{}}
,"C:\\Users\\Flor\\Desktop\\Bootcamp\\movie-challenge\\test\\fakeData.js": {"path":"C:\\Users\\Flor\\Desktop\\Bootcamp\\movie-challenge\\test\\fakeData.js","statementMap":{"0":{"start":{"line":1,"column":13},"end":{"line":1,"column":18}},"1":{"start":{"line":24,"column":13},"end":{"line":24,"column":18}},"2":{"start":{"line":101,"column":13},"end":{"line":101,"column":23}},"3":{"start":{"line":110,"column":13},"end":{"line":110,"column":23}},"4":{"start":{"line":44,"column":13},"end":{"line":44,"column":30}},"5":{"start":{"line":83,"column":13},"end":{"line":83,"column":24}},"6":{"start":{"line":64,"column":13},"end":{"line":64,"column":32}},"7":{"start":{"line":1,"column":21},"end":{"line":22,"column":null}},"8":{"start":{"line":24,"column":21},"end":{"line":41,"column":null}},"9":{"start":{"line":44,"column":33},"end":{"line":61,"column":null}},"10":{"start":{"line":64,"column":35},"end":{"line":80,"column":null}},"11":{"start":{"line":83,"column":27},"end":{"line":99,"column":null}},"12":{"start":{"line":101,"column":26},"end":{"line":108,"column":null}},"13":{"start":{"line":110,"column":26},"end":{"line":117,"column":null}}},"fnMap":{},"branchMap":{},"s":{"0":2,"1":1,"2":1,"3":3,"4":2,"5":2,"6":2,"7":1,"8":1,"9":1,"10":1,"11":1,"12":1,"13":1},"f":{},"b":{}}
}
