TN:
SF:src\services\APIService.ts
FN:4,getMovies
FN:14,(anonymous_2)
FN:15,(anonymous_3)
FN:16,(anonymous_4)
FN:16,(anonymous_5)
FN:17,(anonymous_6)
FNF:6
FNH:1
FNDA:1,getMovies
FNDA:0,(anonymous_2)
FNDA:0,(anonymous_3)
FNDA:0,(anonymous_4)
FNDA:0,(anonymous_5)
FNDA:0,(anonymous_6)
DA:1,1
DA:5,1
DA:6,1
DA:7,1
DA:13,1
DA:14,0
DA:15,0
DA:16,0
DA:17,0
DA:20,1
LF:10
LH:6
BRF:0
BRH:0
end_of_record
TN:
SF:src\utils\transformers.ts
FN:20,formatMovie
FNF:1
FNH:0
FNDA:0,formatMovie
DA:20,0
DA:21,0
DA:29,0
LF:3
LH:0
BRF:0
BRH:0
end_of_record
