TN:
SF:src\components\App.tsx
FN:6,App
FN:21,(anonymous_3)
FN:21,(anonymous_4)
FNF:3
FNH:1
FNDA:1,App
FNDA:0,(anonymous_3)
FNDA:0,(anonymous_4)
DA:1,1
DA:2,1
DA:3,1
DA:4,1
DA:7,1
DA:21,0
DA:35,1
LF:7
LH:6
BRF:0
BRH:0
end_of_record
TN:
SF:src\utils\transformers.ts
FN:20,formatMovie
FNF:1
FNH:1
FNDA:9,formatMovie
DA:21,9
DA:29,9
DA:32,9
LF:3
LH:3
BRF:0
BRH:0
end_of_record
TN:
SF:test\fakeData.js
FNF:0
FNH:0
DA:1,2
DA:24,1
DA:44,2
DA:64,2
DA:83,2
DA:101,1
DA:110,3
LF:7
LH:7
BRF:0
BRH:0
end_of_record
